Using pre-set license
Built from '2020.3/china_unity/release' branch; Version is '2020.3.14f1c1 (ed787cdc2846) revision 15562876'; Using compiler version '192528614'; Build Type 'Release'
OS: 'Windows 10 Home China; OS build 18363.1016; Version 1909; 64bit' Language: 'zh' Physical Memory: 16233 MB
BatchMode: 1, IsHumanControllingUs: 0, StartBugReporterOnCrash: 0, Is64bit: 1, IsPro: 0

 COMMAND LINE ARGUMENTS:
G:\unity3D\2020.3.14f1c1\Editor\Unity.exe
-adb2
-batchMode
-noUpm
-name
AssetImportWorker0
-projectPath
F:/桌面程序/F/Project-Save
-logFile
Logs/AssetImportWorker0.log
-srvPort
58224
Successfully changed project path to: F:/桌面程序/F/Project-Save
F:/桌面程序/F/Project-Save
Using Asset Import Pipeline V2.
Refreshing native plugins compatible for Editor in 64.57 ms, found 3 plugins.
Preloading 0 native plugins for Editor in 0.00 ms.
Initialize engine version: 2020.3.14f1c1 (ed787cdc2846)
[Subsystems] Discovering subsystems at path G:/unity3D/2020.3.14f1c1/Editor/Data/Resources/UnitySubsystems
[Subsystems] Discovering subsystems at path F:/桌面程序/F/Project-Save/Assets
GfxDevice: creating device client; threaded=0
Direct3D:
    Version:  Direct3D 11.0 [level 11.1]
    Renderer: NVIDIA GeForce GTX 1660 Ti with Max-Q Design (ID=0x2191)
    Vendor:   
    VRAM:     5991 MB
    Driver:   27.21.14.5167
Initialize mono
Mono path[0] = 'G:/unity3D/2020.3.14f1c1/Editor/Data/Managed'
Mono path[1] = 'G:/unity3D/2020.3.14f1c1/Editor/Data/MonoBleedingEdge/lib/mono/unityjit'
Mono config path = 'G:/unity3D/2020.3.14f1c1/Editor/Data/MonoBleedingEdge/etc'
Using monoOptions --debugger-agent=transport=dt_socket,embedding=1,server=y,suspend=n,address=127.0.0.1:56696
Begin MonoManager ReloadAssembly
Registering precompiled unity dll's ...
Register platform support module: G:/unity3D/2020.3.14f1c1/Editor/Data/PlaybackEngines/WebGLSupport/UnityEditor.WebGL.Extensions.dll
Register platform support module: G:/unity3D/2020.3.14f1c1/Editor/Data/PlaybackEngines/WindowsStandaloneSupport/UnityEditor.WindowsStandalone.Extensions.dll
Registered in 0.003047 seconds.
Native extension for WindowsStandalone target not found
Native extension for WebGL target not found
Refreshing native plugins compatible for Editor in 57.97 ms, found 3 plugins.
Preloading 0 native plugins for Editor in 0.00 ms.
Mono: successfully reloaded assembly
- Completed reload, in  2.340 seconds
Domain Reload Profiling:
	ReloadAssembly (2340ms)
		BeginReloadAssembly (80ms)
			ExecutionOrderSort (0ms)
			DisableScriptedObjects (0ms)
			BackupInstance (0ms)
			ReleaseScriptingObjects (0ms)
			CreateAndSetChildDomain (1ms)
		EndReloadAssembly (426ms)
			LoadAssemblies (78ms)
			RebuildTransferFunctionScriptingTraits (0ms)
			SetupTypeCache (140ms)
			ReleaseScriptCaches (0ms)
			RebuildScriptCaches (30ms)
			SetupLoadedEditorAssemblies (176ms)
				LogAssemblyErrors (0ms)
				InitializePlatformSupportModulesInManaged (5ms)
				SetLoadedEditorAssemblies (0ms)
				RefreshPlugins (58ms)
				BeforeProcessingInitializeOnLoad (14ms)
				ProcessInitializeOnLoadAttributes (73ms)
				ProcessInitializeOnLoadMethodAttributes (26ms)
				AfterProcessingInitializeOnLoad (0ms)
				EditorAssembliesLoaded (0ms)
			ExecutionOrderSort2 (0ms)
			AwakeInstancesAfterBackupRestoration (0ms)
Platform modules already initialized, skipping
Registering precompiled user dll's ...
Registered in 0.005673 seconds.
Begin MonoManager ReloadAssembly
Native extension for WindowsStandalone target not found
Native extension for WebGL target not found
Refreshing native plugins compatible for Editor in 58.48 ms, found 3 plugins.
Preloading 0 native plugins for Editor in 0.00 ms.
Mono: successfully reloaded assembly
- Completed reload, in  1.232 seconds
Domain Reload Profiling:
	ReloadAssembly (1233ms)
		BeginReloadAssembly (166ms)
			ExecutionOrderSort (0ms)
			DisableScriptedObjects (4ms)
			BackupInstance (0ms)
			ReleaseScriptingObjects (0ms)
			CreateAndSetChildDomain (18ms)
		EndReloadAssembly (1002ms)
			LoadAssemblies (135ms)
			RebuildTransferFunctionScriptingTraits (0ms)
			SetupTypeCache (311ms)
			ReleaseScriptCaches (1ms)
			RebuildScriptCaches (68ms)
			SetupLoadedEditorAssemblies (386ms)
				LogAssemblyErrors (0ms)
				InitializePlatformSupportModulesInManaged (6ms)
				SetLoadedEditorAssemblies (0ms)
				RefreshPlugins (59ms)
				BeforeProcessingInitializeOnLoad (93ms)
				ProcessInitializeOnLoadAttributes (209ms)
				ProcessInitializeOnLoadMethodAttributes (12ms)
				AfterProcessingInitializeOnLoad (7ms)
				EditorAssembliesLoaded (0ms)
			ExecutionOrderSort2 (0ms)
			AwakeInstancesAfterBackupRestoration (6ms)
Platform modules already initialized, skipping
========================================================================
Worker process is ready to serve import requests
Launched and connected shader compiler UnityShaderCompiler.exe after 0.12 seconds
Refreshing native plugins compatible for Editor in 0.66 ms, found 3 plugins.
Preloading 0 native plugins for Editor in 0.00 ms.
Unloading 3144 Unused Serialized files (Serialized files now loaded: 0)
System memory in use before: 129.9 MB.
System memory in use after: 130.1 MB.

Unloading 28 unused Assets to reduce memory usage. Loaded Objects now: 3585.
Total: 2.656400 ms (FindLiveObjects: 0.294300 ms CreateObjectMapping: 0.150100 ms MarkObjects: 2.146200 ms  DeleteObjects: 0.065000 ms)

AssetImportParameters requested are different than current active one (requested -> active):
  custom:framework-win-MediaFoundation: 216162199b28c13a410421893ffa2e32 -> 
  custom:video-decoder-ogg-theora: a1e56fd34408186e4bbccfd4996cb3dc -> 
  custom:container-muxer-webm: aa71ff27fc2769a1b78a27578f13a17b -> 
  custom:container-demuxer-webm: 4f35f7cbe854078d1ac9338744f61a02 -> 
  custom:container-demuxer-ogg: 62fdf1f143b41e24485cea50d1cbac27 -> 
  custom:video-encoder-webm-vp8: eb34c28f22e8b96e1ab97ce403110664 -> 
  custom:video-codec-MediaFoundation-h265: 746d11721c4dcdbdad8f713fa42b33f4 -> 
  custom:video-decoder-webm-vp8: 9c59270c3fd7afecdb556c50c9e8de78 -> 
  custom:audio-decoder-ogg-vorbis: bf7c407c2cedff20999df2af8eb42d56 -> 
  custom:audio-encoder-webm-vorbis: bf7c407c2cedff20999df2af8eb42d56 -> 
========================================================================
Received Import Request.
  path: Assets/Sprites/images/图层 12.png
  artifactKey: Guid(5e2bbbd593dcfeb4cbc1d8398ceca14e) Importer(815301076,1909f56bfc062723c751e8b465ee728b)
Start importing Assets/Sprites/images/图层 12.png using Guid(5e2bbbd593dcfeb4cbc1d8398ceca14e) Importer(815301076,1909f56bfc062723c751e8b465ee728b)  -> (artifact id: '345f58f868de395d41f049114f5cdcf7') in 0.321503 seconds 
  Import took 0.368601 seconds .

========================================================================
Received Import Request.
  Time since last request: 0.000456 seconds.
  path: Assets/Sprites/images/血条 拷贝 10.png
  artifactKey: Guid(24bad5a49c039b1428fae2daf6a33b9e) Importer(815301076,1909f56bfc062723c751e8b465ee728b)
Start importing Assets/Sprites/images/血条 拷贝 10.png using Guid(24bad5a49c039b1428fae2daf6a33b9e) Importer(815301076,1909f56bfc062723c751e8b465ee728b)  -> (artifact id: '81a4202960abb273636486a4cbfe676a') in 0.021617 seconds 
  Import took 0.036314 seconds .

========================================================================
Received Import Request.
  Time since last request: 0.000304 seconds.
  path: Assets/Sprites/images/血条 拷贝 9.png
  artifactKey: Guid(664953d7a24e4664db322e86c83e58e8) Importer(815301076,1909f56bfc062723c751e8b465ee728b)
Start importing Assets/Sprites/images/血条 拷贝 9.png using Guid(664953d7a24e4664db322e86c83e58e8) Importer(815301076,1909f56bfc062723c751e8b465ee728b)  -> (artifact id: 'abd39958852f6101feb31caa01a47dca') in 0.016780 seconds 
  Import took 0.032839 seconds .

========================================================================
Received Import Request.
  Time since last request: 0.000236 seconds.
  path: Assets/Sprites/images/血条 拷贝 7.png
  artifactKey: Guid(809d74e88c5a0304e94d55b1f373ee25) Importer(815301076,1909f56bfc062723c751e8b465ee728b)
Start importing Assets/Sprites/images/血条 拷贝 7.png using Guid(809d74e88c5a0304e94d55b1f373ee25) Importer(815301076,1909f56bfc062723c751e8b465ee728b)  -> (artifact id: '765e104a63959e1a3118673c2cec5cd8') in 0.020867 seconds 
  Import took 0.058791 seconds .

========================================================================
Received Import Request.
  Time since last request: 0.000350 seconds.
  path: Assets/Sprites/images/图层 5 拷贝 5.png
  artifactKey: Guid(23001c7431b34b34d85afbf94db61268) Importer(815301076,1909f56bfc062723c751e8b465ee728b)
Start importing Assets/Sprites/images/图层 5 拷贝 5.png using Guid(23001c7431b34b34d85afbf94db61268) Importer(815301076,1909f56bfc062723c751e8b465ee728b)  -> (artifact id: 'b5e853fa3c1e5e179f3a7ebd663e7a38') in 0.017526 seconds 
  Import took 0.095493 seconds .

========================================================================
Received Import Request.
  Time since last request: 0.000261 seconds.
  path: Assets/Sprites/images/血条 拷贝 2.png
  artifactKey: Guid(6e369223c85d9a44582abaae1f07b4c9) Importer(815301076,1909f56bfc062723c751e8b465ee728b)
Start importing Assets/Sprites/images/血条 拷贝 2.png using Guid(6e369223c85d9a44582abaae1f07b4c9) Importer(815301076,1909f56bfc062723c751e8b465ee728b)  -> (artifact id: '239498bbfa6b3d70325f4ec0a909914c') in 0.017446 seconds 
  Import took 0.021946 seconds .

========================================================================
Received Import Request.
  Time since last request: 0.000285 seconds.
  path: Assets/Sprites/images
  artifactKey: Guid(2e9e2ed301463614398b7c2fbdb288ed) Importer(815301076,1909f56bfc062723c751e8b465ee728b)
Start importing Assets/Sprites/images using Guid(2e9e2ed301463614398b7c2fbdb288ed) Importer(815301076,1909f56bfc062723c751e8b465ee728b)  -> (artifact id: '940a730eb48a4cb76a4c8aa3dcf3e3e8') in 0.005483 seconds 
  Import took 0.010388 seconds .

========================================================================
Received Import Request.
  Time since last request: 0.000392 seconds.
  path: Assets/Sprites/images/血条.png
  artifactKey: Guid(9f41d20fca287a045bc950c76654b255) Importer(815301076,1909f56bfc062723c751e8b465ee728b)
Start importing Assets/Sprites/images/血条.png using Guid(9f41d20fca287a045bc950c76654b255) Importer(815301076,1909f56bfc062723c751e8b465ee728b)  -> (artifact id: '342cdb1fe844e271ce79782e2b1b25ca') in 0.015540 seconds 
  Import took 0.052590 seconds .

========================================================================
Received Import Request.
  Time since last request: 0.000484 seconds.
  path: Assets/Sprites/images/血条 拷贝 6.png
  artifactKey: Guid(8e5873306209624488f64433a1ac3d8a) Importer(815301076,1909f56bfc062723c751e8b465ee728b)
Start importing Assets/Sprites/images/血条 拷贝 6.png using Guid(8e5873306209624488f64433a1ac3d8a) Importer(815301076,1909f56bfc062723c751e8b465ee728b)  -> (artifact id: '46b5e9a236dca8abc7651db62520bfb0') in 0.018889 seconds 
  Import took 0.024756 seconds .

========================================================================
Received Import Request.
  Time since last request: 0.000250 seconds.
  path: Assets/Sprites/images/图层 5.png
  artifactKey: Guid(9a2794e3474443145bfc38a8d5e19bf4) Importer(815301076,1909f56bfc062723c751e8b465ee728b)
Start importing Assets/Sprites/images/图层 5.png using Guid(9a2794e3474443145bfc38a8d5e19bf4) Importer(815301076,1909f56bfc062723c751e8b465ee728b)  -> (artifact id: 'b0c39126b85ac6ad0b0f6536563a2f17') in 0.018859 seconds 
  Import took 0.061741 seconds .

========================================================================
Received Import Request.
  Time since last request: 0.000236 seconds.
  path: Assets/Sprites/images/图层 14.png
  artifactKey: Guid(76bd079eff990ea4f9b8aa0c8232887b) Importer(815301076,1909f56bfc062723c751e8b465ee728b)
Start importing Assets/Sprites/images/图层 14.png using Guid(76bd079eff990ea4f9b8aa0c8232887b) Importer(815301076,1909f56bfc062723c751e8b465ee728b)  -> (artifact id: '9bc34e7004afffd7812152b1276dcf38') in 0.015835 seconds 
  Import took 0.021537 seconds .

========================================================================
Received Import Request.
  Time since last request: 0.000282 seconds.
  path: Assets/Sprites/images/血条 拷贝.png
  artifactKey: Guid(7192e345aa72d544ca9a7d58bca40ead) Importer(815301076,1909f56bfc062723c751e8b465ee728b)
Start importing Assets/Sprites/images/血条 拷贝.png using Guid(7192e345aa72d544ca9a7d58bca40ead) Importer(815301076,1909f56bfc062723c751e8b465ee728b)  -> (artifact id: 'd2f4c5f999eef6da24f0a7f26e28f758') in 0.019524 seconds 
  Import took 0.056735 seconds .

========================================================================
Received Import Request.
  Time since last request: 0.000404 seconds.
  path: Assets/Sprites/images/死亡界面.png
  artifactKey: Guid(02822d3da0009b34dbcb93e161475bd7) Importer(815301076,1909f56bfc062723c751e8b465ee728b)
Start importing Assets/Sprites/images/死亡界面.png using Guid(02822d3da0009b34dbcb93e161475bd7) Importer(815301076,1909f56bfc062723c751e8b465ee728b)  -> (artifact id: 'b9c743f38c8fe5f9946a17d633ab77f6') in 0.020744 seconds 
  Import took 0.025768 seconds .

========================================================================
Received Import Request.
  Time since last request: 0.000264 seconds.
  path: Assets/Sprites/images/血条 拷贝 3.png
  artifactKey: Guid(c5e869c10ec1dd943a9b67a1150d6a37) Importer(815301076,1909f56bfc062723c751e8b465ee728b)
Start importing Assets/Sprites/images/血条 拷贝 3.png using Guid(c5e869c10ec1dd943a9b67a1150d6a37) Importer(815301076,1909f56bfc062723c751e8b465ee728b)  -> (artifact id: '134b87b4c639c382c7f3f8cb17f7bb3c') in 0.017231 seconds 
  Import took 0.023273 seconds .

========================================================================
Received Import Request.
  Time since last request: 0.000277 seconds.
  path: Assets/Sprites/images/血条 拷贝 5.png
  artifactKey: Guid(ee0609ddff4d8a0479f5369bbb6d3af3) Importer(815301076,1909f56bfc062723c751e8b465ee728b)
Start importing Assets/Sprites/images/血条 拷贝 5.png using Guid(ee0609ddff4d8a0479f5369bbb6d3af3) Importer(815301076,1909f56bfc062723c751e8b465ee728b)  -> (artifact id: 'd44d7506311f28c875b2a2db8f537223') in 0.016453 seconds 
  Import took 0.029174 seconds .

========================================================================
Received Import Request.
  Time since last request: 0.000584 seconds.
  path: Assets/Sprites/images/血条 拷贝 8.png
  artifactKey: Guid(df61035331681534e91c9a19df86672f) Importer(815301076,1909f56bfc062723c751e8b465ee728b)
Start importing Assets/Sprites/images/血条 拷贝 8.png using Guid(df61035331681534e91c9a19df86672f) Importer(815301076,1909f56bfc062723c751e8b465ee728b)  -> (artifact id: '022957b8eb734b60dfc50ba7575328af') in 0.018762 seconds 
  Import took 0.043669 seconds .

========================================================================
Received Import Request.
  Time since last request: 0.000257 seconds.
  path: Assets/Sprites/images/血条 拷贝 4.png
  artifactKey: Guid(8a8b25c64083f2f4092ea5a5a954397f) Importer(815301076,1909f56bfc062723c751e8b465ee728b)
Start importing Assets/Sprites/images/血条 拷贝 4.png using Guid(8a8b25c64083f2f4092ea5a5a954397f) Importer(815301076,1909f56bfc062723c751e8b465ee728b)  -> (artifact id: '91f24431df15ad2f72d7a625e4f38d17') in 0.016023 seconds 
  Import took 0.050810 seconds .

========================================================================
Received Import Request.
  Time since last request: 0.000343 seconds.
  path: Assets/Sprites/images/图层 13.png
  artifactKey: Guid(6b1e05477175de14ca17918f7bef655e) Importer(815301076,1909f56bfc062723c751e8b465ee728b)
Start importing Assets/Sprites/images/图层 13.png using Guid(6b1e05477175de14ca17918f7bef655e) Importer(815301076,1909f56bfc062723c751e8b465ee728b)  -> (artifact id: 'd512aa2ab7641f4725696b21109323c4') in 0.017979 seconds 
  Import took 0.024265 seconds .

AssetImportWorkerClient::OnTransportError - code=2 error=End of file
